1525493062014	geckodriver	INFO	geckodriver 0.20.1
1525493062033	geckodriver	INFO	Listening on 127.0.0.1:49549
1525493063386	mozrunner::runner	INFO	Running command: "/usr/bin/firefox" "-marionette" "-profile" "/tmp/rust_mozprofile.Bya8L7riKiBA"
1525493070244	Marionette	INFO	Listening on port 2828
Gdk-Message: 12:05:06.953: /usr/lib/firefox-esr/firefox-esr: Fatal IO error 11 (Resource temporarily unavailable) on X server :1025.

1525493252537	geckodriver	INFO	geckodriver 0.20.1
1525493252571	geckodriver	INFO	Listening on 127.0.0.1:45631
1525493254468	mozrunner::runner	INFO	Running command: "/usr/bin/firefox" "-marionette" "-profile" "/tmp/rust_mozprofile.4zJD3rhu6wB5"
1525493261586	Marionette	INFO	Listening on port 2828
*************************
A coding exception was thrown and uncaught in a Task.

Full message: TypeError: NetworkError when attempting to fetch resource.
Full stack: 
*************************
1525495146486	geckodriver	INFO	geckodriver 0.20.1
1525495146506	geckodriver	INFO	Listening on 127.0.0.1:38327
1525495147030	mozrunner::runner	INFO	Running command: "/usr/bin/firefox" "-marionette" "-profile" "/tmp/rust_mozprofile.0EJDo9jhl6kz"
1525495152300	Marionette	ERROR	Error on starting server: [Exception... "Component returned failure code: 0x804b0036 (NS_ERROR_SOCKET_ADDRESS_IN_USE) [nsIServerSocket.initSpecialConnection]"  nsresult: "0x804b0036 (NS_ERROR_SOCKET_ADDRESS_IN_USE)"  location: "JS frame :: chrome://marionette/content/server.js :: MarionetteServer.prototype.start :: line 95"  data: no]
[Exception... "Component returned failure code: 0x804b0036 (NS_ERROR_SOCKET_ADDRESS_IN_USE) [nsIServerSocket.initSpecialConnection]"  nsresult: "0x804b0036 (NS_ERROR_SOCKET_ADDRESS_IN_USE)"  location: "JS frame :: chrome://marionette/content/server.js :: MarionetteServer.prototype.start :: line 95"  data: no]
MarionetteServer.prototype.start@chrome://marionette/content/server.js:95:19
MarionetteComponent.prototype.init@resource://gre/components/marionette.js:217:5
MarionetteComponent.prototype.handle@resource://gre/components/marionette.js:112:5

[Child 7197] ###!!! ABORT: Aborting on channel error.: file /build/firefox-esr-CL9yN9/firefox-esr-52.7.3esr/ipc/glue/MessageChannel.cpp, line 2152
[Child 7197] ###!!! ABORT: Aborting on channel error.: file /build/firefox-esr-CL9yN9/firefox-esr-52.7.3esr/ipc/glue/MessageChannel.cpp, line 2152
1525495273122	geckodriver	INFO	geckodriver 0.20.1
1525495273146	geckodriver	INFO	Listening on 127.0.0.1:48692
1525495274461	mozrunner::runner	INFO	Running command: "/usr/bin/firefox" "-marionette" "-profile" "/tmp/rust_mozprofile.KPEa2dBcquLn"
1525495280378	Marionette	ERROR	Error on starting server: [Exception... "Component returned failure code: 0x804b0036 (NS_ERROR_SOCKET_ADDRESS_IN_USE) [nsIServerSocket.initSpecialConnection]"  nsresult: "0x804b0036 (NS_ERROR_SOCKET_ADDRESS_IN_USE)"  location: "JS frame :: chrome://marionette/content/server.js :: MarionetteServer.prototype.start :: line 95"  data: no]
[Exception... "Component returned failure code: 0x804b0036 (NS_ERROR_SOCKET_ADDRESS_IN_USE) [nsIServerSocket.initSpecialConnection]"  nsresult: "0x804b0036 (NS_ERROR_SOCKET_ADDRESS_IN_USE)"  location: "JS frame :: chrome://marionette/content/server.js :: MarionetteServer.prototype.start :: line 95"  data: no]
MarionetteServer.prototype.start@chrome://marionette/content/server.js:95:19
MarionetteComponent.prototype.init@resource://gre/components/marionette.js:217:5
MarionetteComponent.prototype.handle@resource://gre/components/marionette.js:112:5

JavaScript error: http://s1.bdstatic.com/r/www/cache/static/plugins/every_cookie_4644b13.js, line 4: ReferenceError: c is not defined
[Child 9129] ###!!! ABORT: Aborting on channel error.: file /build/firefox-esr-CL9yN9/firefox-esr-52.7.3esr/ipc/glue/MessageChannel.cpp, line 2152
[Child 9129] ###!!! ABORT: Aborting on channel error.: file /build/firefox-esr-CL9yN9/firefox-esr-52.7.3esr/ipc/glue/MessageChannel.cpp, line 2152
1525495351932	geckodriver	INFO	geckodriver 0.20.1
1525495351960	geckodriver	INFO	Listening on 127.0.0.1:37228
1525495353242	mozrunner::runner	INFO	Running command: "/usr/bin/firefox" "-marionette" "-profile" "/tmp/rust_mozprofile.pLunxjiHmDO9"
1525495358520	Marionette	ERROR	Error on starting server: [Exception... "Component returned failure code: 0x804b0036 (NS_ERROR_SOCKET_ADDRESS_IN_USE) [nsIServerSocket.initSpecialConnection]"  nsresult: "0x804b0036 (NS_ERROR_SOCKET_ADDRESS_IN_USE)"  location: "JS frame :: chrome://marionette/content/server.js :: MarionetteServer.prototype.start :: line 95"  data: no]
[Exception... "Component returned failure code: 0x804b0036 (NS_ERROR_SOCKET_ADDRESS_IN_USE) [nsIServerSocket.initSpecialConnection]"  nsresult: "0x804b0036 (NS_ERROR_SOCKET_ADDRESS_IN_USE)"  location: "JS frame :: chrome://marionette/content/server.js :: MarionetteServer.prototype.start :: line 95"  data: no]
MarionetteServer.prototype.start@chrome://marionette/content/server.js:95:19
MarionetteComponent.prototype.init@resource://gre/components/marionette.js:217:5
MarionetteComponent.prototype.handle@resource://gre/components/marionette.js:112:5

*************************
A coding exception was thrown and uncaught in a Task.

Full message: TypeError: NetworkError when attempting to fetch resource.
Full stack: 
*************************
