1617508474747	mozrunner::runner	INFO	Running command: "d:\\Program Files\\Mozilla Firefox\\firefox.exe" "-marionette" "-headless" "-foreground" "-no-remote" "-profile" "C:\\Users\\Lenovo\\AppData\\Local\\Temp\\rust_mozprofile.UrdwjUOFmg6I"
*** You are running in headless mode.
JavaScript error: resource://gre/modules/XULStore.jsm, line 66: Error: Can't find profile directory.
console.warn: SearchSettings: "get: No settings file exists, new profile?" (new Error("", "(unknown module)"))
1617508477622	Marionette	INFO	Listening on port 13373
JavaScript error: chrome://browser/content/places/browserPlacesViews.js, line 131: Error: No DOM node set for aPlacesNode.
node.type: 0. node.parent: [xpconnect wrapped nsINavHistoryResultNode]
1617508477913	Marionette	WARN	TLS certificate errors will be ignored for this session
1617508541835	mozrunner::runner	INFO	Running command: "d:\\Program Files\\Mozilla Firefox\\firefox.exe" "-marionette" "-headless" "-foreground" "-no-remote" "-profile" "C:\\Users\\Lenovo\\AppData\\Local\\Temp\\rust_mozprofile.tEgz8QolhDCR"
*** You are running in headless mode.
JavaScript error: resource://gre/modules/XULStore.jsm, line 66: Error: Can't find profile directory.
console.warn: SearchSettings: "get: No settings file exists, new profile?" (new Error("", "(unknown module)"))
1617508543892	Marionette	INFO	Listening on port 13457
1617508543994	Marionette	WARN	TLS certificate errors will be ignored for this session
1617508570045	mozrunner::runner	INFO	Running command: "d:\\Program Files\\Mozilla Firefox\\firefox.exe" "-marionette" "-headless" "-foreground" "-no-remote" "-profile" "C:\\Users\\Lenovo\\AppData\\Local\\Temp\\rust_mozprofile.vIvcXEpVEBfw"
*** You are running in headless mode.
JavaScript error: resource://gre/modules/XULStore.jsm, line 66: Error: Can't find profile directory.
console.warn: SearchSettings: "get: No settings file exists, new profile?" (new Error("", "(unknown module)"))
1617508572295	Marionette	INFO	Listening on port 13597
1617508572721	Marionette	WARN	TLS certificate errors will be ignored for this session
